1558880830711	mozrunner::runner	INFO	Running command: "/usr/bin/firefox" "-marionette" "-foreground" "-no-remote" "-profile" "/tmp/rust_mozprofile.L7kos1njtby8"
1558880831061	addons.webextension.screenshots@mozilla.org	WARN	Loading extension 'screenshots@mozilla.org': Reading manifest: Invalid extension permission: mozillaAddons
1558880831061	addons.webextension.screenshots@mozilla.org	WARN	Loading extension 'screenshots@mozilla.org': Reading manifest: Invalid extension permission: resource://pdf.js/
1558880831061	addons.webextension.screenshots@mozilla.org	WARN	Loading extension 'screenshots@mozilla.org': Reading manifest: Invalid extension permission: about:reader*
1558880832279	Marionette	INFO	Listening on port 38485
1558880832368	Marionette	WARN	TLS certificate errors will be ignored for this session
1558880867675	mozrunner::runner	INFO	Running command: "/usr/bin/firefox" "-marionette" "-foreground" "-no-remote" "-profile" "/tmp/rust_mozprofile.lACcFhaeGzhT"
1558880868003	addons.webextension.screenshots@mozilla.org	WARN	Loading extension 'screenshots@mozilla.org': Reading manifest: Invalid extension permission: mozillaAddons
1558880868003	addons.webextension.screenshots@mozilla.org	WARN	Loading extension 'screenshots@mozilla.org': Reading manifest: Invalid extension permission: resource://pdf.js/
1558880868003	addons.webextension.screenshots@mozilla.org	WARN	Loading extension 'screenshots@mozilla.org': Reading manifest: Invalid extension permission: about:reader*
1558880869406	Marionette	INFO	Listening on port 43007
1558880869494	Marionette	WARN	TLS certificate errors will be ignored for this session
[Parent 14363, Gecko_IOThread] WARNING: pipe error (111): Connection reset by peer: file /build/firefox-AGcKNI/firefox-67.0+linuxmint2+tessa/ipc/chromium/src/chrome/common/ipc_channel_posix.cc, line 357
[Parent 14363, Gecko_IOThread] WARNING: pipe error (78): Connection reset by peer: file /build/firefox-AGcKNI/firefox-67.0+linuxmint2+tessa/ipc/chromium/src/chrome/common/ipc_channel_posix.cc, line 357
1558880898982	Marionette	INFO	Stopped listening on port 43007
1558880912499	mozrunner::runner	INFO	Running command: "/usr/bin/firefox" "-marionette" "-foreground" "-no-remote" "-profile" "/tmp/rust_mozprofile.uUpbDxwwX8o2"
1558880912821	addons.webextension.screenshots@mozilla.org	WARN	Loading extension 'screenshots@mozilla.org': Reading manifest: Invalid extension permission: mozillaAddons
1558880912821	addons.webextension.screenshots@mozilla.org	WARN	Loading extension 'screenshots@mozilla.org': Reading manifest: Invalid extension permission: resource://pdf.js/
1558880912821	addons.webextension.screenshots@mozilla.org	WARN	Loading extension 'screenshots@mozilla.org': Reading manifest: Invalid extension permission: about:reader*
1558880914108	Marionette	INFO	Listening on port 41785
1558880914206	Marionette	WARN	TLS certificate errors will be ignored for this session
1558880936553	mozrunner::runner	INFO	Running command: "/usr/bin/firefox" "-marionette" "-foreground" "-no-remote" "-profile" "/tmp/rust_mozprofile.7gzea3JOOhiM"
1558880936882	addons.webextension.screenshots@mozilla.org	WARN	Loading extension 'screenshots@mozilla.org': Reading manifest: Invalid extension permission: mozillaAddons
1558880936882	addons.webextension.screenshots@mozilla.org	WARN	Loading extension 'screenshots@mozilla.org': Reading manifest: Invalid extension permission: resource://pdf.js/
1558880936882	addons.webextension.screenshots@mozilla.org	WARN	Loading extension 'screenshots@mozilla.org': Reading manifest: Invalid extension permission: about:reader*
1558880938285	Marionette	INFO	Listening on port 39651
1558880938359	Marionette	WARN	TLS certificate errors will be ignored for this session
console.error: BroadcastService: 
  receivedBroadcastMessage: handler for
  remote-settings/monitor_changes
  threw error:
  Message: Error: Polling for changes failed: http://%(server)s/dummy/blocklist//buckets/monitor/collections/changes/records?_expected=%221558742407364%22 is not a valid URL..
  Stack:
    remoteSettingsFunction/remoteSettings.pollChanges@resource://services-settings/remote-settings.js:203:13

console.error: BroadcastService: 
  receivedBroadcastMessage: handler for
  remote-settings/monitor_changes
  threw error:
  Message: Error: Polling for changes failed: http://%(server)s/dummy/blocklist//buckets/monitor/collections/changes/records?_expected=%221558742407364%22 is not a valid URL..
  Stack:
    remoteSettingsFunction/remoteSettings.pollChanges@resource://services-settings/remote-settings.js:203:13

console.error: BroadcastService: 
  receivedBroadcastMessage: handler for
  remote-settings/monitor_changes
  threw error:
  Message: Error: Polling for changes failed: http://%(server)s/dummy/blocklist//buckets/monitor/collections/changes/records?_expected=%221558742407364%22 is not a valid URL..
  Stack:
    remoteSettingsFunction/remoteSettings.pollChanges@resource://services-settings/remote-settings.js:203:13

1558881098576	mozrunner::runner	INFO	Running command: "/usr/bin/firefox" "-marionette" "-foreground" "-no-remote" "-profile" "/tmp/rust_mozprofile.g4r4vFJcW3cb"
1558881098908	addons.webextension.screenshots@mozilla.org	WARN	Loading extension 'screenshots@mozilla.org': Reading manifest: Invalid extension permission: mozillaAddons
1558881098908	addons.webextension.screenshots@mozilla.org	WARN	Loading extension 'screenshots@mozilla.org': Reading manifest: Invalid extension permission: resource://pdf.js/
1558881098909	addons.webextension.screenshots@mozilla.org	WARN	Loading extension 'screenshots@mozilla.org': Reading manifest: Invalid extension permission: about:reader*
1558881100387	Marionette	INFO	Listening on port 36943
1558881100513	Marionette	WARN	TLS certificate errors will be ignored for this session
Marionette threw an error: TypeError: this.tabModal is null
get ui@chrome://marionette/content/modal.js:159:5
GeckoDriver.prototype._handleUserPrompts@chrome://marionette/content/driver.js:3256:23
GeckoDriver.prototype.execute_@chrome://marionette/content/driver.js:991:14
GeckoDriver.prototype.executeScript@chrome://marionette/content/driver.js:911:29
despatch@chrome://marionette/content/server.js:289:40
execute@chrome://marionette/content/server.js:262:16
onPacket/<@chrome://marionette/content/server.js:235:20
onPacket@chrome://marionette/content/server.js:236:9
_onJSONObjectReady/<@chrome://marionette/content/transport.js:492:20

console.error: BroadcastService: 
  receivedBroadcastMessage: handler for
  remote-settings/monitor_changes
  threw error:
  Message: Error: Polling for changes failed: http://%(server)s/dummy/blocklist//buckets/monitor/collections/changes/records?_expected=%221558742407364%22 is not a valid URL..
  Stack:
    remoteSettingsFunction/remoteSettings.pollChanges@resource://services-settings/remote-settings.js:203:13

[Parent 15569, Gecko_IOThread] WARNING: pipe error (96): Connection reset by peer: file /build/firefox-AGcKNI/firefox-67.0+linuxmint2+tessa/ipc/chromium/src/chrome/common/ipc_channel_posix.cc, line 357
[Parent 15569, Gecko_IOThread] WARNING: pipe error (78): Connection reset by peer: file /build/firefox-AGcKNI/firefox-67.0+linuxmint2+tessa/ipc/chromium/src/chrome/common/ipc_channel_posix.cc, line 357
1558881166342	Marionette	INFO	Stopped listening on port 36943
[Parent 15167, Gecko_IOThread] WARNING: pipe error (110): Connection reset by peer: file /build/firefox-AGcKNI/firefox-67.0+linuxmint2+tessa/ipc/chromium/src/chrome/common/ipc_channel_posix.cc, line 357
[Parent 15167, Gecko_IOThread] WARNING: pipe error (95): Connection reset by peer: file /build/firefox-AGcKNI/firefox-67.0+linuxmint2+tessa/ipc/chromium/src/chrome/common/ipc_channel_posix.cc, line 357
1558881201158	Marionette	INFO	Stopped listening on port 39651
[Parent 14809, Gecko_IOThread] WARNING: pipe error (106): Connection reset by peer: file /build/firefox-AGcKNI/firefox-67.0+linuxmint2+tessa/ipc/chromium/src/chrome/common/ipc_channel_posix.cc, line 357
[Parent 14809, Gecko_IOThread] WARNING: pipe error (78): Connection reset by peer: file /build/firefox-AGcKNI/firefox-67.0+linuxmint2+tessa/ipc/chromium/src/chrome/common/ipc_channel_posix.cc, line 357
1558881226584	Marionette	INFO	Stopped listening on port 41785
[Parent 13976, Gecko_IOThread] WARNING: pipe error (78): Connection reset by peer: file /build/firefox-AGcKNI/firefox-67.0+linuxmint2+tessa/ipc/chromium/src/chrome/common/ipc_channel_posix.cc, line 357
[Parent 13976, Gecko_IOThread] WARNING: pipe error (130): Connection reset by peer: file /build/firefox-AGcKNI/firefox-67.0+linuxmint2+tessa/ipc/chromium/src/chrome/common/ipc_channel_posix.cc, line 357
1558881227457	Marionette	INFO	Stopped listening on port 38485
